<?xml version="1.0" encoding="UTF-8"?>
<testng-results ignored="0" total="1" passed="1" failed="0" skipped="0">
  <reporter-output>
  </reporter-output>
  <suite started-at="2025-07-09T01:13:35 IST" name="Default suite" finished-at="2025-07-09T01:13:53 IST" duration-ms="17321">
    <groups>
    </groups>
    <test started-at="2025-07-09T01:13:35 IST" name="Default test" finished-at="2025-07-09T01:13:53 IST" duration-ms="17321">
      <class name="Petsmart.saucce2">
        <test-method is-config="true" signature="setup()[pri:0, instance:Petsmart.saucce2@7dcf94f8]" started-at="2025-07-09T01:13:35 IST" name="setup" finished-at="2025-07-09T01:13:43 IST" duration-ms="7529" status="PASS">
          <reporter-output>
          </reporter-output>
        </test-method> <!-- setup -->
        <test-method signature="secondtest()[pri:0, instance:Petsmart.saucce2@7dcf94f8]" started-at="2025-07-09T01:13:43 IST" name="secondtest" finished-at="2025-07-09T01:13:52 IST" duration-ms="9449" status="PASS">
          <reporter-output>
          </reporter-output>
        </test-method> <!-- secondtest -->
        <test-method is-config="true" signature="teardn()[pri:0, instance:Petsmart.saucce2@7dcf94f8]" started-at="2025-07-09T01:13:52 IST" name="teardn" finished-at="2025-07-09T01:13:53 IST" duration-ms="247" status="PASS">
          <reporter-output>
          </reporter-output>
        </test-method> <!-- teardn -->
      </class> <!-- Petsmart.saucce2 -->
    </test> <!-- Default test -->
  </suite> <!-- Default suite -->
</testng-results>
